[debug] [2018-08-22T14:13:00.114Z] ----------------------------------------------------------------------
[debug] [2018-08-22T14:13:00.118Z] Command:       /usr/local/Cellar/node/10.4.1/bin/node /usr/local/bin/firebase serve -p 4000
[debug] [2018-08-22T14:13:00.119Z] CLI Version:   4.0.3
[debug] [2018-08-22T14:13:00.119Z] Platform:      darwin
[debug] [2018-08-22T14:13:00.119Z] Node Version:  v10.4.1
[debug] [2018-08-22T14:13:00.128Z] Time:          Wed Aug 22 2018 10:13:00 GMT-0400 (Eastern Daylight Time)
[debug] [2018-08-22T14:13:00.128Z] ----------------------------------------------------------------------
[debug] 
[debug] [2018-08-22T14:13:00.147Z] > command requires scopes: ["email","openid","https://www.googleapis.com/auth/cloudplatformprojects.readonly","https://www.googleapis.com/auth/firebase","https://www.googleapis.com/auth/cloud-platform"]
[debug] [2018-08-22T14:13:00.148Z] > authorizing via signed-in user
[debug] [2018-08-22T14:13:00.152Z] > refreshing access token with scopes: ["email","https://www.googleapis.com/auth/cloud-platform","https://www.googleapis.com/auth/cloudplatformprojects.readonly","https://www.googleapis.com/auth/firebase","openid"]
[debug] [2018-08-22T14:13:00.153Z] >>> HTTP REQUEST POST https://www.googleapis.com/oauth2/v3/token  
 { refresh_token: '1/1JZMN04DD73Dlf6lO3jC5v0ZDR6TKcAxIGUs_W70hvI',
  client_id:
   '563584335869-fgrhgmd47bqnekij5i8b5pr03ho849e6.apps.googleusercontent.com',
  client_secret: 'j9iVZfS8kkCEFUPaAeJV0sAi',
  grant_type: 'refresh_token',
  scope:
   'email https://www.googleapis.com/auth/cloud-platform https://www.googleapis.com/auth/cloudplatformprojects.readonly https://www.googleapis.com/auth/firebase openid' } 
 Wed Aug 22 2018 10:13:00 GMT-0400 (Eastern Daylight Time)
[debug] [2018-08-22T14:13:00.420Z] <<< HTTP RESPONSE 200
[debug] [2018-08-22T14:13:00.448Z] >>> HTTP REQUEST GET https://admin.firebase.com/v1/projects/elkhart-pd-signup  
  
 Wed Aug 22 2018 10:13:00 GMT-0400 (Eastern Daylight Time)
[debug] [2018-08-22T14:13:00.697Z] <<< HTTP RESPONSE 200
[debug] [2018-08-22T14:13:00.699Z] >>> HTTP REQUEST GET https://admin.firebase.com/v1/database/elkhart-pd-signup/tokens  
  
 Wed Aug 22 2018 10:13:00 GMT-0400 (Eastern Daylight Time)
[debug] [2018-08-22T14:13:01.101Z] <<< HTTP RESPONSE 200
[debug] [2018-08-22T14:13:01.102Z] >>> HTTP REQUEST GET https://cloudresourcemanager.googleapis.com/v1/projects/elkhart-pd-signup  
  
 Wed Aug 22 2018 10:13:01 GMT-0400 (Eastern Daylight Time)
[debug] [2018-08-22T14:13:02.451Z] <<< HTTP RESPONSE 200
[info] 
[info] === Serving from '/Users/bbennett/Desktop/dev/pd'...
[info] 
[info] i  functions: Preparing to emulate functions.
[debug] [2018-08-22T14:13:04.165Z] Fetching environment
[debug] [2018-08-22T14:13:04.168Z] >>> HTTP REQUEST GET https://mobilesdk-pa.googleapis.com/v1/projects/697421799429:getServerAppConfig  
  
 Wed Aug 22 2018 10:13:04 GMT-0400 (Eastern Daylight Time)
[debug] [2018-08-22T14:13:04.170Z] >>> HTTP REQUEST GET https://mobilesdk-pa.googleapis.com/v1/projects/697421799429/clients/_:getWebAppConfig  
  
 Wed Aug 22 2018 10:13:04 GMT-0400 (Eastern Daylight Time)
[debug] [2018-08-22T14:13:05.801Z] <<< HTTP RESPONSE 200
[debug] [2018-08-22T14:13:05.802Z] Starting @google-cloud/functions-emulator
[debug] [2018-08-22T14:13:06.030Z] <<< HTTP RESPONSE 200
[info] ✔  hosting: Local server: http://localhost:4000

[debug] [2018-08-22T14:13:07.901Z] Parsing function triggers
[info] ✔  functions: reminderEmail: http://localhost:4001/elkhart-pd-signup/us-central1/reminderEmail
